INFO ~ 24.01.2023 19:43:12 калькулятор запущен.
INFO ~ 24.01.2023 19:52:13 калькулятор запущен.
INFO ~ 24.01.2023 19:52:17 программа завершена.
INFO ~ 24.01.2023 20:20:14 калькулятор запущен.
INFO ~ 24.01.2023 20:20:20 пользователь получил результат  4 / 2 = 2
INFO ~ 24.01.2023 20:20:22 программа завершена.
INFO ~ 25.01.2023 10:43:00 калькулятор запущен.
INFO ~ 25.01.2023 10:43:00 текущее значение :  Expression.Fild 
INFO ~ 25.01.2023 10:43:14 пользователь получил результат  0 + 5 = 5
INFO ~ 25.01.2023 10:43:14 текущее значение :  Expression.Fild 
INFO ~ 25.01.2023 10:43:23 пользователь получил результат  5 - 5 = 0
INFO ~ 25.01.2023 10:43:23 текущее значение :  Expression.Fild 
INFO ~ 25.01.2023 10:47:10 Сектерная дата успешно записан !=) 
INFO ~ 25.01.2023 10:47:54 калькулятор запущен.
INFO ~ 25.01.2023 10:47:54 текущее значение :  Expression.Fild 
INFO ~ 25.01.2023 10:48:01 пользователь получил результат  4 + 7 = 11
INFO ~ 25.01.2023 10:48:01 текущее значение :  Expression.Fild 
INFO ~ 25.01.2023 10:48:14 пользователь получил результат  11 + 7 = 18
INFO ~ 25.01.2023 10:48:14 текущее значение :  Expression.Fild 
INFO ~ 25.01.2023 10:48:27 пользователь отменил последний результат 
INFO ~ 25.01.2023 10:48:27 текущее значение :  Expression.Fild 
INFO ~ 25.01.2023 10:48:30 пользователь очистил историю результатов.
INFO ~ 25.01.2023 10:48:30 текущее значение :  Expression.Fild 
INFO ~ 25.01.2023 10:48:36 пользователь получил результат  4 * 6 = 24
INFO ~ 25.01.2023 10:48:36 текущее значение :  Expression.Fild 
INFO ~ 25.01.2023 10:48:40 Пользователь просмотрел лог.
INFO ~ 25.01.2023 10:48:40 текущее значение :  Expression.Fild 
INFO ~ 25.01.2023 10:48:49 Пользователь просмотрел лог.
INFO ~ 25.01.2023 10:48:49 текущее значение :  Expression.Fild 
INFO ~ 25.01.2023 10:53:56 Сектерная дата успешно записан !=) 
INFO ~ 25.01.2023 10:53:58 калькулятор запущен.
INFO ~ 25.01.2023 10:53:58 текущее значение :  Expression.Fild 
INFO ~ 25.01.2023 10:54:39 Пользователь просмотрел лог.
INFO ~ 25.01.2023 10:54:39 текущее значение :  Expression.Fild 
INFO ~ 25.01.2023 10:54:41 Пользователь просмотрел лог.
INFO ~ 25.01.2023 10:54:41 Пользователь просмотрел лог.
INFO ~ 25.01.2023 10:54:41 текущее значение :  Expression.Fild 
INFO ~ 25.01.2023 10:54:42 Пользователь просмотрел лог.
INFO ~ 25.01.2023 10:54:42 Пользователь просмотрел лог.
INFO ~ 25.01.2023 10:54:42 текущее значение :  Expression.Fild 
INFO ~ 25.01.2023 10:55:02 Сектерная дата успешно записан !=) 
INFO ~ 25.01.2023 10:55:02 программа завершена.
INFO ~ 25.01.2023 11:58:23 калькулятор запущен.
INFO ~ 25.01.2023 11:58:23 текущее значение :  Expression.Fild 
INFO ~ 25.01.2023 11:58:26 Пользователь просмотрел лог.
INFO ~ 25.01.2023 11:58:26 Пользователь просмотрел лог.
INFO ~ 25.01.2023 11:58:26 текущее значение :  Expression.Fild 
INFO ~ 25.01.2023 12:00:43 Сектерная дата успешно записан !=) 
INFO ~ 25.01.2023 12:02:13 калькулятор запущен.
INFO ~ 25.01.2023 12:02:13 текущее значение :  Expression.Fild 
INFO ~ 25.01.2023 12:02:15 Пользователь просмотрел лог.
INFO ~ 25.01.2023 12:02:15 Пользователь просмотрел лог.
INFO ~ 25.01.2023 12:02:15 текущее значение :  Expression.Fild 
INFO ~ 25.01.2023 12:02:24 Сектерная дата успешно записан !=) 
INFO ~ 25.01.2023 12:02:24 программа завершена.
INFO ~ 25.01.2023 12:07:04 калькулятор запущен.
INFO ~ 25.01.2023 12:07:04 текущее значение :  Expression.Fild 
INFO ~ 25.01.2023 12:07:06 Пользователь просмотрел лог.
INFO ~ 25.01.2023 12:07:06 Пользователь просмотрел лог.
INFO ~ 25.01.2023 12:07:06 текущее значение :  Expression.Fild 
INFO ~ 25.01.2023 12:07:15 Сектерная дата успешно записан !=) 
INFO ~ 25.01.2023 12:07:15 программа завершена.
INFO ~ 25.01.2023 15:20:06 калькулятор запущен.
INFO ~ 25.01.2023 15:20:06 текущее значение :  Expression.Fild 
INFO ~ 25.01.2023 15:20:10 пользователь получил результат  3 + 5 = 8
INFO ~ 25.01.2023 15:20:10 текущее значение :  Expression.Fild 
INFO ~ 25.01.2023 15:20:16 пользователь получил результат  8 * 2 = 16
INFO ~ 25.01.2023 15:20:16 текущее значение :  Expression.Fild 
INFO ~ 25.01.2023 15:20:21 Пользователь просмотрел лог.
INFO ~ 25.01.2023 15:20:21 Пользователь просмотрел лог.
INFO ~ 25.01.2023 15:20:21 текущее значение :  Expression.Fild 
INFO ~ 25.01.2023 15:20:29 пользователь получил результат  16 / 4 = 4
INFO ~ 25.01.2023 15:20:29 текущее значение :  Expression.Fild 
INFO ~ 25.01.2023 15:20:36 пользователь пытается делить на
INFO ~ 25.01.2023 15:20:36 пользователь получил результат  4 / 0 = ERROR 
INFO ~ 25.01.2023 15:20:36 текущее значение :  Expression.Fild 
INFO ~ 25.01.2023 15:20:47 пользователь отменил последний результат 
INFO ~ 25.01.2023 15:20:47 текущее значение :  Expression.Fild 
INFO ~ 25.01.2023 15:21:01 пользователь получил результат  4 / 4 = 1
INFO ~ 25.01.2023 15:21:01 текущее значение :  Expression.Fild 
INFO ~ 25.01.2023 15:21:04 Сектерная дата успешно записан !=) 
INFO ~ 25.01.2023 15:21:04 программа завершена.
INFO ~ 25.01.2023 15:45:06 калькулятор запущен.
INFO ~ 25.01.2023 15:45:06 текущее значение :  Expression.Fild 
INFO ~ 25.01.2023 15:45:11 пользователь получил результат  5 + 4 = 9
INFO ~ 25.01.2023 15:45:11 текущее значение :  Expression.Fild 
INFO ~ 25.01.2023 15:45:19 пользователь отменил последний результат 
INFO ~ 25.01.2023 15:45:19 текущее значение :  Expression.Fild 
INFO ~ 25.01.2023 15:45:24 пользователь получил результат  3 * 3 = 9
INFO ~ 25.01.2023 15:45:24 текущее значение :  Expression.Fild 
INFO ~ 25.01.2023 15:45:28 пользователь получил результат  9 * 765 = 6885
INFO ~ 25.01.2023 15:45:28 текущее значение :  Expression.Fild 
INFO ~ 25.01.2023 15:45:35 пользователь получил результат  6885 / 323 = 21,31578947368421
INFO ~ 25.01.2023 15:45:35 текущее значение :  Expression.Fild 
INFO ~ 25.01.2023 15:45:38 Сектерная дата успешно записан !=) 
INFO ~ 25.01.2023 15:45:38 программа завершена.
INFO ~ 25.01.2023 15:45:57 калькулятор запущен.
INFO ~ 25.01.2023 15:45:57 текущее значение :  Expression.Fild 
INFO ~ 25.01.2023 15:53:48 Сектерная дата успешно записан !=) 
INFO ~ 25.01.2023 15:53:48 программа завершена.
INFO ~ 25.01.2023 15:54:02 калькулятор запущен.
INFO ~ 25.01.2023 15:54:02 текущее значение :  Expression.Fild 
INFO ~ 25.01.2023 15:54:51 пользователь получил результат  4 + 5 = 9
INFO ~ 25.01.2023 15:54:51 текущее значение :  Expression.Fild 
INFO ~ 25.01.2023 15:54:56 пользователь получил результат  9 + 8 = 17
INFO ~ 25.01.2023 15:54:56 текущее значение :  Expression.Fild 
INFO ~ 25.01.2023 15:54:59 Сектерная дата успешно записан !=) 
INFO ~ 25.01.2023 15:54:59 программа завершена.
INFO ~ 25.01.2023 16:06:34 калькулятор запущен.
INFO ~ 25.01.2023 16:06:34 текущее значение :  Expression.Fild 
INFO ~ 25.01.2023 16:06:36 Пользователь просмотрел лог.
INFO ~ 25.01.2023 16:06:36 Пользователь просмотрел лог.
INFO ~ 25.01.2023 16:06:36 текущее значение :  Expression.Fild 
INFO ~ 25.01.2023 16:06:40 Пользователь просмотрел лог.
INFO ~ 25.01.2023 16:06:40 Пользователь просмотрел лог.
INFO ~ 25.01.2023 16:06:40 текущее значение :  Expression.Fild 
INFO ~ 25.01.2023 16:06:42 Пользователь просмотрел лог.
INFO ~ 25.01.2023 16:06:42 Пользователь просмотрел лог.
INFO ~ 25.01.2023 16:06:42 текущее значение :  Expression.Fild 
INFO ~ 25.01.2023 16:16:38 Пользователь просмотрел лог.
INFO ~ 25.01.2023 16:16:38 текущее значение :  Expression.Fild 
INFO ~ 25.01.2023 16:16:42 Пользователь просмотрел лог.
INFO ~ 25.01.2023 16:16:42 Пользователь просмотрел лог.
INFO ~ 25.01.2023 16:16:42 текущее значение :  Expression.Fild 
INFO ~ 25.01.2023 16:16:43 Пользователь просмотрел лог.
INFO ~ 25.01.2023 16:16:43 Пользователь просмотрел лог.
INFO ~ 25.01.2023 16:16:43 текущее значение :  Expression.Fild 
INFO ~ 25.01.2023 16:28:18 калькулятор запущен.
INFO ~ 25.01.2023 16:28:18 текущее значение :  Expression.Fild 
INFO ~ 25.01.2023 16:28:22 Пользователь просмотрел лог.
INFO ~ 25.01.2023 16:28:22 текущее значение :  Expression.Fild 
INFO ~ 25.01.2023 16:33:36 Пользователь просмотрел лог.
INFO ~ 25.01.2023 16:33:36 текущее значение :  Expression.Fild 
INFO ~ 25.01.2023 16:37:19 Сектерная дата успешно записан !=) 
INFO ~ 25.01.2023 16:37:19 программа завершена.
INFO ~ 25.01.2023 16:37:23 калькулятор запущен.
INFO ~ 25.01.2023 16:37:23 текущее значение :  0 
INFO ~ 25.01.2023 16:37:26 пользователь получил результат  5 + 6 = 11
INFO ~ 25.01.2023 16:37:26 текущее значение :  11 
INFO ~ 25.01.2023 16:37:31 пользователь пытается делить на
INFO ~ 25.01.2023 16:37:31 пользователь получил результат  11 / 0 = ERROR 
INFO ~ 25.01.2023 16:37:31 текущее значение :  0 
INFO ~ 25.01.2023 16:37:50 Сектерная дата успешно записан !=) 
INFO ~ 25.01.2023 16:37:50 программа завершена.
INFO ~ 25.01.2023 16:49:08 калькулятор запущен.
INFO ~ 25.01.2023 16:49:08 текущее значение :  0 
INFO ~ 25.01.2023 16:49:10 Пользователь просмотрел лог.
INFO ~ 25.01.2023 16:49:10 текущее значение :  0 
INFO ~ 25.01.2023 17:32:23 текущее значение :  0 
INFO ~ 25.01.2023 17:32:26 Пользователь просмотрел лог.
INFO ~ 25.01.2023 17:32:26 текущее значение :  0 
INFO ~ 25.01.2023 17:32:27 Пользователь просмотрел лог.
INFO ~ 25.01.2023 17:32:27 текущее значение :  0 
INFO ~ 25.01.2023 17:32:28 Пользователь просмотрел лог.
INFO ~ 25.01.2023 17:32:28 текущее значение :  0 
INFO ~ 25.01.2023 17:32:29 Пользователь просмотрел лог.
INFO ~ 25.01.2023 17:32:29 текущее значение :  0 
INFO ~ 25.01.2023 17:32:31 Сектерная дата успешно записан !=) 
INFO ~ 25.01.2023 17:32:31 программа завершена.
INFO ~ 25.01.2023 17:43:04 калькулятор запущен.
INFO ~ 25.01.2023 17:43:04 текущее значение :  0 
INFO ~ 25.01.2023 17:43:06 Пользователь просмотрел лог.
INFO ~ 25.01.2023 17:43:06 текущее значение :  0 
INFO ~ 25.01.2023 17:43:08 Пользователь просмотрел лог.
INFO ~ 25.01.2023 17:43:08 текущее значение :  0 
INFO ~ 25.01.2023 17:43:09 Пользователь просмотрел лог.
INFO ~ 25.01.2023 17:43:09 текущее значение :  0 
INFO ~ 25.01.2023 17:43:18 Сектерная дата успешно записан !=) 
INFO ~ 25.01.2023 17:43:18 программа завершена.
INFO ~ 25.01.2023 20:04:52 калькулятор запущен.
INFO ~ 25.01.2023 20:04:52 текущее значение :  0 
INFO ~ 25.01.2023 20:04:58 Пользователь просмотрел лог.
INFO ~ 25.01.2023 20:04:58 текущее значение :  0 
INFO ~ 25.01.2023 20:13:49 Сектерная дата успешно записан !=) 
INFO ~ 25.01.2023 20:13:49 программа завершена.
INFO ~ 25.01.2023 20:17:52 калькулятор запущен.
INFO ~ 25.01.2023 20:17:52 текущее значение :  0 
INFO ~ 25.01.2023 20:17:54 Пользователь просмотрел лог.
INFO ~ 25.01.2023 20:17:54 текущее значение :  0 
INFO ~ 25.01.2023 20:18:32 калькулятор запущен.
INFO ~ 25.01.2023 20:18:32 текущее значение :  0 
INFO ~ 25.01.2023 20:18:35 Пользователь просмотрел лог.
INFO ~ 25.01.2023 20:18:35 текущее значение :  0 
INFO ~ 25.01.2023 20:21:50 пользователь очистил историю результатов.
INFO ~ 25.01.2023 20:21:53 пользователь отменил последний результат 
INFO ~ 25.01.2023 20:21:53 текущее значение :  0 
INFO ~ 25.01.2023 20:22:04 Сектерная дата успешно записан !=) 
INFO ~ 25.01.2023 20:22:04 программа завершена.
INFO ~ 25.01.2023 20:22:08 калькулятор запущен.
INFO ~ 25.01.2023 20:22:08 текущее значение :  0 
INFO ~ 25.01.2023 20:22:14 пользователь пытается делить на 0
INFO ~ 25.01.2023 20:22:14 пользователь получил результат  4 / 0 = ERROR 
INFO ~ 25.01.2023 20:22:14 текущее значение :  0 
INFO ~ 25.01.2023 20:22:22 Сектерная дата успешно записан !=) 
INFO ~ 25.01.2023 20:22:22 программа завершена.
INFO ~ 25.01.2023 20:31:22 калькулятор запущен.
INFO ~ 25.01.2023 20:31:22 текущее значение :  0 
INFO ~ 25.01.2023 20:31:27 пользователь получил результат  5 + 4 = 9
INFO ~ 25.01.2023 20:31:27 текущее значение :  9 
INFO ~ 25.01.2023 20:31:34 пользователь получил результат  9 + 5 = 14
INFO ~ 25.01.2023 20:31:34 текущее значение :  14 
INFO ~ 25.01.2023 20:31:42 пользователь получил результат  14 / 3 = 4,666666666666667
INFO ~ 25.01.2023 20:31:42 текущее значение :  4,666666666666667 
INFO ~ 25.01.2023 20:31:47 Сектерная дата успешно записан !=) 
INFO ~ 25.01.2023 20:31:47 программа завершена.
INFO ~ 25.01.2023 20:33:59 калькулятор запущен.
INFO ~ 25.01.2023 20:33:59 текущее значение :  0 
INFO ~ 25.01.2023 20:34:03 пользователь пытается делить на 0
INFO ~ 25.01.2023 20:34:03 пользователь получил результат  8 / 0 = ERROR 
INFO ~ 25.01.2023 20:36:10 калькулятор запущен.
INFO ~ 25.01.2023 20:36:10 текущее значение :  0 
INFO ~ 25.01.2023 20:36:14 пользователь пытается делить на 0
INFO ~ 25.01.2023 20:36:14 пользователь получил результат  5 / 0 = ERROR 
INFO ~ 25.01.2023 20:44:00 калькулятор запущен.
INFO ~ 25.01.2023 20:44:00 текущее значение :  0 
INFO ~ 25.01.2023 20:44:04 пользователь пытается делить на 0
INFO ~ 25.01.2023 20:44:04 пользователь получил результат  3 / 0 = ERROR 
INFO ~ 25.01.2023 20:44:04 текущее значение :  0 
INFO ~ 25.01.2023 20:44:04 текущее значение :  0 
INFO ~ 25.01.2023 20:44:11 пользователь пытается делить на 0
INFO ~ 25.01.2023 20:44:11 пользователь получил результат  4 / 0 = ERROR 
INFO ~ 25.01.2023 20:44:11 текущее значение :  0 
INFO ~ 25.01.2023 20:44:21 пользователь получил результат  2 + 3 = 5
INFO ~ 25.01.2023 20:44:21 текущее значение :  5 
INFO ~ 25.01.2023 20:44:28 пользователь пытается делить на 0
INFO ~ 25.01.2023 20:44:28 пользователь получил результат  5 / 0 = ERROR 
INFO ~ 25.01.2023 20:44:28 текущее значение :  5 
INFO ~ 25.01.2023 20:44:35 Сектерная дата успешно записан !=) 
INFO ~ 25.01.2023 20:44:35 программа завершена.
